p/1624383099528.jpg 1 0 0 694 694
p/1624383099509.jpg 1 0 0 694 694
p/1624383099245.jpg 1 0 0 694 694
p/1624383099220.jpg 1 0 0 694 694
p/1624383099094.jpg 1 0 0 694 694
p/1624383099198.jpg 1 0 0 694 694
p/1624383099073.jpg 1 0 0 694 694
p/1624383098845.jpg 1 0 0 694 694
p/1624382947990.jpg 1 0 0 694 694
p/1624382947973.jpg 1 0 0 694 694
p/1624382947843.jpg 1 0 0 694 694
p/1624382947774.jpg 1 0 0 694 694
p/1624382947770.jpg 1 0 0 694 694
p/1624382947759.jpg 1 0 0 694 694
p/1624382947760.jpg 1 0 0 694 694
p/1624382947753.jpg 1 0 0 694 694
p/1624382947755.jpg 1 0 0 694 694
p/1624382947963.jpg 1 0 0 691 691
p/1624382947961.jpg 1 0 0 691 691
p/1624383098862.jpg 1 0 0 691 691
p/1624382947917.jpg 1 0 0 691 691
p/1624382947997.jpg 1 0 0 691 691
p/1624382947749.jpg 1 0 0 691 691
p/1624382947763.jpg 1 0 0 691 691
p/1624383100077.jpg 1 0 0 691 691
p/1624382947976.jpg 1 0 0 691 691
p/1624382947893.jpg 1 0 0 691 691
p/1624383098839.jpg 1 0 0 691 691
p/1624382947771.jpg 1 0 0 691 691
p/1624382947761.jpg 1 0 0 691 691
p/1624383100133.jpg 1 0 0 691 691
p/1624383098841.jpg 1 0 0 691 691
p/1624383098840.jpg 1 0 0 691 691
p/1624383098860.jpg 1 0 0 691 691
p/1624382948001.jpg 1 0 0 691 691
p/1624382948058.jpg 1 0 0 691 691
p/1624383100129.jpg 1 0 0 691 691
p/1624383098851.jpg 1 0 0 691 691
p/1624383099417.jpg 1 0 0 691 691
p/1624382947994.jpg 1 0 0 691 691
p/1624382948011.jpg 1 0 0 691 691
p/1624382947999.jpg 1 0 0 691 691
p/1624382947978.jpg 1 0 0 691 691
p/1624382947900.jpg 1 0 0 691 691
p/1624382947851.jpg 1 0 0 691 691
p/1624383098876.jpg 1 0 0 691 691
p/1624383098859.jpg 1 0 0 691 691
p/1624382947965.jpg 1 0 0 691 691
p/1624382947969.jpg 1 0 0 691 691
p/1624383098844.jpg 1 0 0 691 691